Working on problem size N=8388608 
 inside sum_indirect problem_setup, N=8388608 
 inside sum_indirect perform_sum, N=8388608 
====METRICS====
Elapsed time for N=8388608 is : 0.003505 seconds
 Sum result = 35194334458240 
MFLOP/s: 4786.02
Memory Bandwidth Utilization: 9.35%
Average Memory Latency: 4.17883992e-01 ns/access
====END_METRICS====
Working on problem size N=16777216 
 inside sum_indirect problem_setup, N=16777216 
 inside sum_indirect perform_sum, N=16777216 
====METRICS====
Elapsed time for N=16777216 is : 0.006001 seconds
 Sum result = 140785900806912 
MFLOP/s: 5591.89
Memory Bandwidth Utilization: 10.92%
Average Memory Latency: 3.57661009e-01 ns/access
====END_METRICS====
Working on problem size N=33554432 
 inside sum_indirect problem_setup, N=33554432 
 inside sum_indirect perform_sum, N=33554432 
====METRICS====
Elapsed time for N=33554432 is : 0.012726 seconds
 Sum result = 563015908247040 
MFLOP/s: 5273.55
Memory Bandwidth Utilization: 10.30%
Average Memory Latency: 3.79251331e-01 ns/access
====END_METRICS====
Working on problem size N=67108864 
 inside sum_indirect problem_setup, N=67108864 
 inside sum_indirect perform_sum, N=67108864 
====METRICS====
Elapsed time for N=67108864 is : 0.023344 seconds
 Sum result = 2251887397932032 
MFLOP/s: 5749.55
Memory Bandwidth Utilization: 11.23%
Average Memory Latency: 3.47853512e-01 ns/access
====END_METRICS====
Working on problem size N=134217728 
 inside sum_indirect problem_setup, N=134217728 
 inside sum_indirect perform_sum, N=134217728 
====METRICS====
Elapsed time for N=134217728 is : 0.043242 seconds
 Sum result = 9007522062735360 
MFLOP/s: 6207.81
Memory Bandwidth Utilization: 12.12%
Average Memory Latency: 3.22174698e-01 ns/access
====END_METRICS====
Working on problem size N=268435456 
 inside sum_indirect problem_setup, N=268435456 
 inside sum_indirect perform_sum, N=268435456 
====METRICS====
Elapsed time for N=268435456 is : 0.086118 seconds
 Sum result = 36030318405627904 
MFLOP/s: 6234.17
Memory Bandwidth Utilization: 12.18%
Average Memory Latency: 3.20812747e-01 ns/access
====END_METRICS====
