Working on problem size N=8388608 
 inside sum_indirect problem_setup, N=8388608 
 inside sum_indirect perform_sum, N=8388608 
====METRICS====
Elapsed time for N=8388608 is : 0.003423 seconds
 Sum result = 35188374352256 
MFLOP/s: 4901.84
Memory Bandwidth Utilization: 9.57%
Average Memory Latency: 4.08010244e-01 ns/access
====END_METRICS====
Working on problem size N=16777216 
 inside sum_indirect problem_setup, N=16777216 
 inside sum_indirect perform_sum, N=16777216 
====METRICS====
Elapsed time for N=16777216 is : 0.005870 seconds
 Sum result = 140729067987712 
MFLOP/s: 5715.77
Memory Bandwidth Utilization: 11.16%
Average Memory Latency: 3.49909008e-01 ns/access
====END_METRICS====
Working on problem size N=33554432 
 inside sum_indirect problem_setup, N=33554432 
 inside sum_indirect perform_sum, N=33554432 
====METRICS====
Elapsed time for N=33554432 is : 0.011740 seconds
 Sum result = 562919925794304 
MFLOP/s: 5716.39
Memory Bandwidth Utilization: 11.16%
Average Memory Latency: 3.49871367e-01 ns/access
====END_METRICS====
Working on problem size N=67108864 
 inside sum_indirect problem_setup, N=67108864 
 inside sum_indirect perform_sum, N=67108864 
====METRICS====
Elapsed time for N=67108864 is : 0.023023 seconds
 Sum result = 2252104797096960 
MFLOP/s: 5829.82
Memory Bandwidth Utilization: 11.39%
Average Memory Latency: 3.43063563e-01 ns/access
====END_METRICS====
Working on problem size N=134217728 
 inside sum_indirect problem_setup, N=134217728 
 inside sum_indirect perform_sum, N=134217728 
====METRICS====
Elapsed time for N=134217728 is : 0.044609 seconds
 Sum result = 9008005850535936 
MFLOP/s: 6017.46
Memory Bandwidth Utilization: 11.75%
Average Memory Latency: 3.32366094e-01 ns/access
====END_METRICS====
Working on problem size N=268435456 
 inside sum_indirect problem_setup, N=268435456 
 inside sum_indirect perform_sum, N=268435456 
====METRICS====
Elapsed time for N=268435456 is : 0.086354 seconds
 Sum result = 36029124270501888 
MFLOP/s: 6217.06
Memory Bandwidth Utilization: 12.14%
Average Memory Latency: 3.21695376e-01 ns/access
====END_METRICS====
