Working on problem size N=8388608 
 inside sum_indirect problem_setup, N=8388608 
 inside sum_indirect perform_sum, N=8388608 
====METRICS====
Elapsed time for N=8388608 is : 0.001165 seconds
 Sum result = 35182514909568 
MFLOP/s: 14404.65
Memory Bandwidth Utilization: 28.13%
Average Memory Latency: 1.38844013e-01 ns/access
====END_METRICS====
Working on problem size N=16777216 
 inside sum_indirect problem_setup, N=16777216 
 inside sum_indirect perform_sum, N=16777216 
====METRICS====
Elapsed time for N=16777216 is : 0.002227 seconds
 Sum result = 140744024875776 
MFLOP/s: 15069.35
Memory Bandwidth Utilization: 29.43%
Average Memory Latency: 1.32719696e-01 ns/access
====END_METRICS====
Working on problem size N=33554432 
 inside sum_indirect problem_setup, N=33554432 
 inside sum_indirect perform_sum, N=33554432 
====METRICS====
Elapsed time for N=33554432 is : 0.005922 seconds
 Sum result = 562958966375936 
MFLOP/s: 11331.57
Memory Bandwidth Utilization: 22.13%
Average Memory Latency: 1.76498055e-01 ns/access
====END_METRICS====
Working on problem size N=67108864 
 inside sum_indirect problem_setup, N=67108864 
 inside sum_indirect perform_sum, N=67108864 
====METRICS====
Elapsed time for N=67108864 is : 0.011972 seconds
 Sum result = 2251840052628480 
MFLOP/s: 11210.81
Memory Bandwidth Utilization: 21.90%
Average Memory Latency: 1.78399190e-01 ns/access
====END_METRICS====
Working on problem size N=134217728 
 inside sum_indirect problem_setup, N=134217728 
 inside sum_indirect perform_sum, N=134217728 
====METRICS====
Elapsed time for N=134217728 is : 0.027993 seconds
 Sum result = 9007264834459648 
MFLOP/s: 9589.53
Memory Bandwidth Utilization: 18.73%
Average Memory Latency: 2.08560690e-01 ns/access
====END_METRICS====
Working on problem size N=268435456 
 inside sum_indirect problem_setup, N=268435456 
 inside sum_indirect perform_sum, N=268435456 
====METRICS====
Elapsed time for N=268435456 is : 0.132518 seconds
 Sum result = 36029117425397760 
MFLOP/s: 4051.31
Memory Bandwidth Utilization: 7.91%
Average Memory Latency: 4.93667088e-01 ns/access
====END_METRICS====
