Working on problem size N=8388608 
 inside sum_vector problem_setup, N=8388608 
 inside sum_vector perform_sum, N=8388608 
====METRICS====
Elapsed time for N=8388608 is : 0.001528 seconds
 Sum result = 35184367894528 
MFLOP/s: 10978.06
Memory Bandwidth Utilization: 21.44%
Average Memory Latency: 1.82181597e-01 ns/access
====END_METRICS====
Working on problem size N=16777216 
 inside sum_vector problem_setup, N=16777216 
 inside sum_vector perform_sum, N=16777216 
====METRICS====
Elapsed time for N=16777216 is : 0.003027 seconds
 Sum result = 140737479966720 
MFLOP/s: 11085.66
Memory Bandwidth Utilization: 21.65%
Average Memory Latency: 1.80413306e-01 ns/access
====END_METRICS====
Working on problem size N=33554432 
 inside sum_vector problem_setup, N=33554432 
 inside sum_vector perform_sum, N=33554432 
====METRICS====
Elapsed time for N=33554432 is : 0.005961 seconds
 Sum result = 562949936644096 
MFLOP/s: 11258.85
Memory Bandwidth Utilization: 21.99%
Average Memory Latency: 1.77637994e-01 ns/access
====END_METRICS====
Working on problem size N=67108864 
 inside sum_vector problem_setup, N=67108864 
 inside sum_vector perform_sum, N=67108864 
====METRICS====
Elapsed time for N=67108864 is : 0.012314 seconds
 Sum result = 2251799780130816 
MFLOP/s: 10900.01
Memory Bandwidth Utilization: 21.29%
Average Memory Latency: 1.83486074e-01 ns/access
====END_METRICS====
Working on problem size N=134217728 
 inside sum_vector problem_setup, N=134217728 
 inside sum_vector perform_sum, N=134217728 
====METRICS====
Elapsed time for N=134217728 is : 0.023442 seconds
 Sum result = 9007199187632128 
MFLOP/s: 11450.88
Memory Bandwidth Utilization: 22.37%
Average Memory Latency: 1.74658991e-01 ns/access
====END_METRICS====
Working on problem size N=268435456 
 inside sum_vector problem_setup, N=268435456 
 inside sum_vector perform_sum, N=268435456 
====METRICS====
Elapsed time for N=268435456 is : 0.066793 seconds
 Sum result = 36028796884746240 
MFLOP/s: 8037.78
Memory Bandwidth Utilization: 15.70%
Average Memory Latency: 2.48825021e-01 ns/access
====END_METRICS====
